[2024-12-06 09:34:56 INFO restartedMain] [com.green.greengramver2.GreenGramVer2Application] Starting GreenGramVer2Application using Java 17.0.12 with PID 5536 (D:\LJM\GreenGramVer2\build\classes\java\main started by Administrator in D:\LJM\GreenGramVer2)
[2024-12-06 09:34:56 INFO restartedMain] [com.green.greengramver2.GreenGramVer2Application] No active profile set, falling back to 1 default profile: "default"
[2024-12-06 09:34:56 INFO restartedMain] [org.springframework.boot.devtools.env.DevToolsPropertyDefaultsPostProcessor] Devtools property defaults active! Set 'spring.devtools.add-properties' to 'false' to disable
[2024-12-06 09:34:56 INFO restartedMain] [org.springframework.boot.devtools.env.DevToolsPropertyDefaultsPostProcessor] For additional web related logging consider setting the 'logging.level.web' property to 'DEBUG'
[2024-12-06 09:34:57 INFO restartedMain] [org.springframework.boot.web.embedded.tomcat.TomcatWebServer] Tomcat initialized with port 8080 (http)
[2024-12-06 09:34:57 INFO restartedMain] [org.springframework.boot.web.servlet.context.ServletWebServerApplicationContext] Root WebApplicationContext: initialization completed in 900 ms
[2024-12-06 09:34:57 INFO restartedMain] [com.green.greengramver2.common.model.MyFileUtils] MyFileUtils - 생성자: D:/2024-02/download/greengram_ver2
[2024-12-06 09:34:57 WARN restartedMain] [org.springframework.boot.devtools.autoconfigure.OptionalLiveReloadServer] Unable to start LiveReload server
[2024-12-06 09:34:57 WARN restartedMain] [org.springframework.boot.web.servlet.context.AnnotationConfigServletWebServerApplicationContext] Exception encountered during context initialization - cancelling refresh attempt: org.springframework.context.ApplicationContextException: Failed to start bean 'webServerStartStop'
[2024-12-06 09:34:57 ERRORrestartedMain] [org.springframework.boot.diagnostics.LoggingFailureAnalysisReporter] 

***************************
APPLICATION FAILED TO START
***************************

Description:

Web server failed to start. Port 8080 was already in use.

Action:

Identify and stop the process that's listening on port 8080 or configure this application to listen on another port.

[2024-12-06 09:35:03 INFO restartedMain] [com.green.greengramver2.GreenGramVer2Application] Starting GreenGramVer2Application using Java 17.0.12 with PID 7556 (D:\LJM\GreenGramVer2\build\classes\java\main started by Administrator in D:\LJM\GreenGramVer2)
[2024-12-06 09:35:03 INFO restartedMain] [com.green.greengramver2.GreenGramVer2Application] No active profile set, falling back to 1 default profile: "default"
[2024-12-06 09:35:03 INFO restartedMain] [org.springframework.boot.devtools.env.DevToolsPropertyDefaultsPostProcessor] Devtools property defaults active! Set 'spring.devtools.add-properties' to 'false' to disable
[2024-12-06 09:35:03 INFO restartedMain] [org.springframework.boot.devtools.env.DevToolsPropertyDefaultsPostProcessor] For additional web related logging consider setting the 'logging.level.web' property to 'DEBUG'
[2024-12-06 09:35:04 INFO restartedMain] [org.springframework.boot.web.embedded.tomcat.TomcatWebServer] Tomcat initialized with port 8080 (http)
[2024-12-06 09:35:04 INFO restartedMain] [org.springframework.boot.web.servlet.context.ServletWebServerApplicationContext] Root WebApplicationContext: initialization completed in 792 ms
[2024-12-06 09:35:04 INFO restartedMain] [com.green.greengramver2.common.model.MyFileUtils] MyFileUtils - 생성자: D:/2024-02/download/greengram_ver2
[2024-12-06 09:35:04 INFO restartedMain] [org.springframework.boot.devtools.autoconfigure.OptionalLiveReloadServer] LiveReload server is running on port 35729
[2024-12-06 09:35:04 INFO restartedMain] [org.springframework.boot.web.embedded.tomcat.TomcatWebServer] Tomcat started on port 8080 (http) with context path '/'
[2024-12-06 09:35:04 INFO restartedMain] [com.green.greengramver2.GreenGramVer2Application] Started GreenGramVer2Application in 1.669 seconds (process running for 2.019)
[2024-12-06 09:35:18 INFO http-nio-8080-exec-1] [org.springframework.web.servlet.DispatcherServlet] Initializing Servlet 'dispatcherServlet'
[2024-12-06 09:35:18 INFO http-nio-8080-exec-1] [org.springframework.web.servlet.DispatcherServlet] Completed initialization in 1 ms
[2024-12-06 09:35:19 INFO http-nio-8080-exec-1] [com.green.greengramver2.feed.FeedController] FeedController > postFeed > pics size: 1
[2024-12-06 09:35:19 INFO http-nio-8080-exec-1] [com.zaxxer.hikari.HikariDataSource] HikariPool-1 - Starting...
[2024-12-06 09:35:19 INFO http-nio-8080-exec-1] [com.zaxxer.hikari.pool.HikariPool] HikariPool-1 - Added connection net.sf.log4jdbc.sql.jdbcapi.ConnectionSpy@471c1a9f
[2024-12-06 09:35:19 INFO http-nio-8080-exec-1] [com.zaxxer.hikari.HikariDataSource] HikariPool-1 - Start completed.
[2024-12-06 09:35:19 DEBUGhttp-nio-8080-exec-1] [jdbc.sqltiming]  com.zaxxer.hikari.pool.ProxyPreparedStatement.execute(ProxyPreparedStatement.java:44)
1. INSERT INTO feed
        SET writer_user_id = 33
        , contents = 'ㅠㅠㅠㅠㅠㅠㅠㅠ'
        , location = 'ㅠㅠ'
 {executed in 0 msec}
[2024-12-06 09:35:19 DEBUGhttp-nio-8080-exec-1] [jdbc.sqltiming]  com.zaxxer.hikari.pool.ProxyStatement.getGeneratedKeys(ProxyStatement.java:229)
1. getGeneratedKeys on query: INSERT INTO feed
        SET writer_user_id = 33
        , contents = 'ㅠㅠㅠㅠㅠㅠㅠㅠ'
        , location = 'ㅠㅠ'
 {executed in 0 msec}
[2024-12-06 09:35:19 INFO http-nio-8080-exec-1] [jdbc.resultsettable] 
|----------|
|insert_id |
|----------|
|215       |
|----------|

[2024-12-06 09:35:19 DEBUGhttp-nio-8080-exec-1] [jdbc.sqltiming]  com.zaxxer.hikari.pool.ProxyPreparedStatement.execute(ProxyPreparedStatement.java:44)
1. INSERT INTO feed_pics
        (feed_id, pic)
        VALUES
         (  
            215, '3496ae2b-1a05-4253-9339-50394d54d245.png'
         )
 {executed in 0 msec}
[2024-12-06 09:35:31 INFO SpringApplicationShutdownHook] [com.zaxxer.hikari.HikariDataSource] HikariPool-1 - Shutdown initiated...
[2024-12-06 09:35:31 INFO SpringApplicationShutdownHook] [com.zaxxer.hikari.HikariDataSource] HikariPool-1 - Shutdown completed.
